<?xml version="1.0" encoding="utf-8"?><testsuites><testsuite name="pytest" errors="0" failures="0" skipped="0" tests="3" time="9.933" timestamp="2021-10-14T20:47:46.048684" hostname="Hector-Lenovo"><testcase classname="test_04_3_FillingFormDataDrivenList_DictionaryFromExternalDataFile.TestFormDataDriven" name="test_home_page_form_provision[get_home_page_data_with_dict_external0]" time="7.215" /><testcase classname="test_04_3_FillingFormDataDrivenList_DictionaryFromExternalDataFile.TestFormDataDriven" name="test_home_page_form_provision[get_home_page_data_with_dict_external1]" time="1.161" /><testcase classname="test_04_3_FillingFormDataDrivenList_DictionaryFromExternalDataFile.TestFormDataDriven" name="test_home_page_form_provision[get_home_page_data_with_dict_external2]" time="1.326" /></testsuite></testsuites>